<?xml version="1.0" encoding="UTF-8" ?>
<testsuites>
 <testsuite name="Given that I go to istockphoto" timestamp="2017-07-09T17:27:45" hostname="localhost" time="26.84" errors="0" tests="0" skipped="0" disabled="0" failures="0">
 </testsuite>
 <testsuite name="Given that I go to istockphoto.When I login with bad credentials" timestamp="2017-07-09T17:27:45" hostname="localhost" time="26.84" errors="0" tests="1" skipped="0" disabled="0" failures="0">
  <testcase classname="Given that I go to istockphoto.When I login with bad credentials" name="Then I should see an error" time="26.839" />
 </testsuite>
</testsuites>